<?xml version="1.0" encoding="UTF-8"?>
<testsuites name="New Test Suite" time="7" tests="0" failures="0" errors="1">
   <testsuite name="New Test Suite" tests="0" failures="0" errors="1" time="7" timestamp="2019-02-11 18:09:13" hostname="julie.dixon - LAPTOP1136.nrccua-hq.local" id="Test Suites/New Test Suite">
      <properties>
         <property name="deviceName" value=""/>
         <property name="devicePlatform" value=""/>
         <property name="logFolder" value="C:\\Users\\Julie.Dixon\\Katalon Studio\\MyOptionsTest\\Reports\\New Test Suite\\20190211_180911"/>
         <property name="logFiles" value="C:\\Users\\Julie.Dixon\\Katalon Studio\\MyOptionsTest\\Reports\\New Test Suite\\20190211_180911\\execution0.log"/>
         <property name="attachments" value=""/>
         <property name="hostName" value="julie.dixon - LAPTOP1136.nrccua-hq.local"/>
         <property name="os" value="Windows 10 64bit"/>
         <property name="katalonVersion" value="5.10.3.1"/>
         <property name="browser" value="Firefox 65.0"/>
         <property name="hostAddress" value="192.168.1.224"/>
         <property name="sessionId" value="936f208f-042d-4393-b65b-b5c3da4655aa"/>
         <property name="seleniumVersion" value="3.7.1"/>
         <property name="proxyInformation" value="ProxyInformation{proxyOption=NO_PROXY, proxyServerType=HTTP, password=, proxyServerAddress=, proxyServerPort=0}"/>
         <property name="platform" value="Windows 10"/>
      </properties>
      <testcase name="Test Cases/SignUp" classname="Test Cases/SignUp" status="ERROR">
         <error type="ERROR" message="Test Cases/SignUp FAILED.
Reason:
groovy.lang.MissingMethodException: No signature of method: static com.kms.katalon.core.webui.keyword.WebUiBuiltInKeywords.verifyElementPresent() is applicable for argument types: (java.lang.String, java.lang.Boolean) values: [Object Repository/Page_myOptions/div_First Name and Last Name m_1, ...]
Possible solutions: verifyElementPresent(com.kms.katalon.core.testobject.TestObject, int), verifyElementPresent(com.kms.katalon.core.testobject.TestObject, int, com.kms.katalon.core.model.FailureHandling), verifyElementNotPresent(com.kms.katalon.core.testobject.TestObject, int), verifyTextPresent(java.lang.String, boolean)
	at SignUp.run(SignUp:57)
	at com.kms.katalon.core.main.ScriptEngine.run(ScriptEngine.java:194)
	at com.kms.katalon.core.main.ScriptEngine.runScriptAsRawText(ScriptEngine.java:119)
	at com.kms.katalon.core.main.TestCaseExecutor.runScript(TestCaseExecutor.java:328)
	at com.kms.katalon.core.main.TestCaseExecutor.doExecute(TestCaseExecutor.java:319)
	at com.kms.katalon.core.main.TestCaseExecutor.processExecutionPhase(TestCaseExecutor.java:298)
	at com.kms.katalon.core.main.TestCaseExecutor.accessMainPhase(TestCaseExecutor.java:290)
	at com.kms.katalon.core.main.TestCaseExecutor.execute(TestCaseExecutor.java:224)
	at com.kms.katalon.core.main.TestSuiteExecutor.accessTestCaseMainPhase(TestSuiteExecutor.java:129)
	at com.kms.katalon.core.main.TestSuiteExecutor.accessTestSuiteMainPhase(TestSuiteExecutor.java:112)
	at com.kms.katalon.core.main.TestSuiteExecutor.execute(TestSuiteExecutor.java:81)
	at com.kms.katalon.core.main.TestCaseMain.startTestSuite(TestCaseMain.java:149)
	at com.kms.katalon.core.main.TestCaseMain$startTestSuite$0.call(Unknown Source)
	at TempTestSuite1549930151839.run(TempTestSuite1549930151839.groovy:36)
"/>
         <system-out><![CDATA[2019-02-11 18:09:13 - [TEST_CASE][ERROR] - Test Cases/SignUp: Test Cases/SignUp FAILED.
Reason:
groovy.lang.MissingMethodException: No signature of method: static com.kms.katalon.core.webui.keyword.WebUiBuiltInKeywords.verifyElementPresent() is applicable for argument types: (java.lang.String, java.lang.Boolean) values: [Object Repository/Page_myOptions/div_First Name and Last Name m_1, ...]
Possible solutions: verifyElementPresent(com.kms.katalon.core.testobject.TestObject, int), verifyElementPresent(com.kms.katalon.core.testobject.TestObject, int, com.kms.katalon.core.model.FailureHandling), verifyElementNotPresent(com.kms.katalon.core.testobject.TestObject, int), verifyTextPresent(java.lang.String, boolean)
	at SignUp.run(SignUp:57)
	at com.kms.katalon.core.main.ScriptEngine.run(ScriptEngine.java:194)
	at com.kms.katalon.core.main.ScriptEngine.runScriptAsRawText(ScriptEngine.java:119)
	at com.kms.katalon.core.main.TestCaseExecutor.runScript(TestCaseExecutor.java:328)
	at com.kms.katalon.core.main.TestCaseExecutor.doExecute(TestCaseExecutor.java:319)
	at com.kms.katalon.core.main.TestCaseExecutor.processExecutionPhase(TestCaseExecutor.java:298)
	at com.kms.katalon.core.main.TestCaseExecutor.accessMainPhase(TestCaseExecutor.java:290)
	at com.kms.katalon.core.main.TestCaseExecutor.execute(TestCaseExecutor.java:224)
	at com.kms.katalon.core.main.TestSuiteExecutor.accessTestCaseMainPhase(TestSuiteExecutor.java:129)
	at com.kms.katalon.core.main.TestSuiteExecutor.accessTestSuiteMainPhase(TestSuiteExecutor.java:112)
	at com.kms.katalon.core.main.TestSuiteExecutor.execute(TestSuiteExecutor.java:81)
	at com.kms.katalon.core.main.TestCaseMain.startTestSuite(TestCaseMain.java:149)
	at com.kms.katalon.core.main.TestCaseMain$startTestSuite$0.call(Unknown Source)
	at TempTestSuite1549930151839.run(TempTestSuite1549930151839.groovy:36)


2019-02-11 18:09:13 - [TEST_STEP][PASSED] - openBrowser(""): Browser is opened with url: ''

2019-02-11 18:09:14 - [MESSAGE][INFO] - Starting 'Firefox' driver

2019-02-11 18:09:14 - [MESSAGE][INFO] - Action delay is set to 0 seconds

2019-02-11 18:09:17 - [MESSAGE][PASSED] - Browser is opened with url: ''

2019-02-11 18:09:17 - [TEST_STEP][PASSED] - navigateToUrl("https://development2.myoptions.org"): Navigate to 'https://development2.myoptions.org' successfully

2019-02-11 18:09:18 - [MESSAGE][PASSED] - Navigate to 'https://development2.myoptions.org' successfully

2019-02-11 18:09:18 - [TEST_STEP][PASSED] - click(findTestObject("Object Repository/Page_myOptions/a_Sign Up")): Object: 'Object Repository/Page_myOptions/a_Sign Up' is clicked on

2019-02-11 18:09:18 - [MESSAGE][PASSED] - Object: 'Object Repository/Page_myOptions/a_Sign Up' is clicked on

2019-02-11 18:09:18 - [TEST_STEP][PASSED] - waitForElementPresent(findTestObject("Object Repository/Page_myOptions/input_First Name_first_name"), 100): Object 'Object Repository/Page_myOptions/input_First Name_first_name' is present

2019-02-11 18:09:18 - [MESSAGE][PASSED] - Object 'Object Repository/Page_myOptions/input_First Name_first_name' is present

2019-02-11 18:09:18 - [TEST_STEP][PASSED] - setText(findTestObject("Object Repository/Page_myOptions/input_First Name_first_name"), fname): Text 'fname1' is set on object 'Object Repository/Page_myOptions/input_First Name_first_name'

2019-02-11 18:09:18 - [MESSAGE][PASSED] - Text 'fname1' is set on object 'Object Repository/Page_myOptions/input_First Name_first_name'

2019-02-11 18:09:18 - [TEST_STEP][PASSED] - setText(findTestObject("Object Repository/Page_myOptions/input_Last Name_last_name"), lname): Text 'lname1' is set on object 'Object Repository/Page_myOptions/input_Last Name_last_name'

2019-02-11 18:09:19 - [MESSAGE][PASSED] - Text 'lname1' is set on object 'Object Repository/Page_myOptions/input_Last Name_last_name'

2019-02-11 18:09:19 - [TEST_STEP][PASSED] - setText(findTestObject("Object Repository/Page_myOptions/input_Your email_email"), email): Text 'fladmittedly@admittedly.com1' is set on object 'Object Repository/Page_myOptions/input_Your email_email'

2019-02-11 18:09:19 - [MESSAGE][PASSED] - Text 'fladmittedly@admittedly.com1' is set on object 'Object Repository/Page_myOptions/input_Your email_email'

2019-02-11 18:09:19 - [TEST_STEP][PASSED] - setEncryptedText(findTestObject("Object Repository/Page_myOptions/input_Create password_password"), "8SQVv/p9jVScEs4/2CZsLw=="): Text ****** has been set on object 'Object Repository/Page_myOptions/input_Create password_password'

2019-02-11 18:09:19 - [MESSAGE][PASSED] - Text ****** has been set on object 'Object Repository/Page_myOptions/input_Create password_password'

2019-02-11 18:09:19 - [TEST_STEP][PASSED] - setText(findTestObject("Object Repository/Page_myOptions/input_Your date of birth_birth"), "01"): Text '01' is set on object 'Object Repository/Page_myOptions/input_Your date of birth_birth'

2019-02-11 18:09:19 - [MESSAGE][PASSED] - Text '01' is set on object 'Object Repository/Page_myOptions/input_Your date of birth_birth'

2019-02-11 18:09:19 - [TEST_STEP][PASSED] - setText(findTestObject("Object Repository/Page_myOptions/input_Your date of birth_birth_1"), "0"): Text '0' is set on object 'Object Repository/Page_myOptions/input_Your date of birth_birth_1'

2019-02-11 18:09:19 - [MESSAGE][PASSED] - Text '0' is set on object 'Object Repository/Page_myOptions/input_Your date of birth_birth_1'

2019-02-11 18:09:19 - [TEST_STEP][PASSED] - setText(findTestObject("Object Repository/Page_myOptions/input_Your date of birth_birth_2"), "01"): Text '01' is set on object 'Object Repository/Page_myOptions/input_Your date of birth_birth_2'

2019-02-11 18:09:19 - [MESSAGE][PASSED] - Text '01' is set on object 'Object Repository/Page_myOptions/input_Your date of birth_birth_2'

2019-02-11 18:09:19 - [TEST_STEP][PASSED] - setText(findTestObject("Object Repository/Page_myOptions/input_Your date of birth_birth_3"), "01"): Text '01' is set on object 'Object Repository/Page_myOptions/input_Your date of birth_birth_3'

2019-02-11 18:09:19 - [MESSAGE][PASSED] - Text '01' is set on object 'Object Repository/Page_myOptions/input_Your date of birth_birth_3'

2019-02-11 18:09:19 - [TEST_STEP][PASSED] - setText(findTestObject("Object Repository/Page_myOptions/input_Your date of birth_birth_4"), "1"): Text '1' is set on object 'Object Repository/Page_myOptions/input_Your date of birth_birth_4'

2019-02-11 18:09:19 - [MESSAGE][PASSED] - Text '1' is set on object 'Object Repository/Page_myOptions/input_Your date of birth_birth_4'

2019-02-11 18:09:19 - [TEST_STEP][PASSED] - setText(findTestObject("Object Repository/Page_myOptions/input_Your date of birth_birth_5"), "19"): Text '19' is set on object 'Object Repository/Page_myOptions/input_Your date of birth_birth_5'

2019-02-11 18:09:19 - [MESSAGE][PASSED] - Text '19' is set on object 'Object Repository/Page_myOptions/input_Your date of birth_birth_5'

2019-02-11 18:09:19 - [TEST_STEP][PASSED] - setText(findTestObject("Object Repository/Page_myOptions/input_Your date of birth_birth_6"), "199"): Text '199' is set on object 'Object Repository/Page_myOptions/input_Your date of birth_birth_6'

2019-02-11 18:09:19 - [MESSAGE][PASSED] - Text '199' is set on object 'Object Repository/Page_myOptions/input_Your date of birth_birth_6'

2019-02-11 18:09:19 - [TEST_STEP][PASSED] - setText(findTestObject("Object Repository/Page_myOptions/input_Your date of birth_birth_7"), "1990"): Text '1990' is set on object 'Object Repository/Page_myOptions/input_Your date of birth_birth_7'

2019-02-11 18:09:19 - [MESSAGE][PASSED] - Text '1990' is set on object 'Object Repository/Page_myOptions/input_Your date of birth_birth_7'

2019-02-11 18:09:19 - [TEST_STEP][PASSED] - setText(findTestObject("Object Repository/Page_myOptions/input_Your date of birth_birth_8"), "1990"): Text '1990' is set on object 'Object Repository/Page_myOptions/input_Your date of birth_birth_8'

2019-02-11 18:09:19 - [MESSAGE][PASSED] - Text '1990' is set on object 'Object Repository/Page_myOptions/input_Your date of birth_birth_8'

2019-02-11 18:09:19 - [TEST_STEP][PASSED] - click(findTestObject("Object Repository/Page_myOptions/button_Join for Free")): Object: 'Object Repository/Page_myOptions/button_Join for Free' is clicked on

2019-02-11 18:09:20 - [MESSAGE][PASSED] - Object: 'Object Repository/Page_myOptions/button_Join for Free' is clicked on

2019-02-11 18:09:20 - [TEST_STEP][PASSED] - url = getUrl(): Current window's url is: 'https://development2.myoptions.org/auth/join?'

2019-02-11 18:09:20 - [MESSAGE][PASSED] - Current window's url is: 'https://development2.myoptions.org/auth/join?'

2019-02-11 18:09:20 - [TEST_STEP][ERROR] - verifyElementPresent("Object Repository/Page_myOptions/div_First Name and Last Name m_1", false): verifyElementPresent("Object Repository/Page_myOptions/div_First Name and Last Name m_1", false) FAILED.
Reason:
groovy.lang.MissingMethodException: No signature of method: static com.kms.katalon.core.webui.keyword.WebUiBuiltInKeywords.verifyElementPresent() is applicable for argument types: (java.lang.String, java.lang.Boolean) values: [Object Repository/Page_myOptions/div_First Name and Last Name m_1, ...]
Possible solutions: verifyElementPresent(com.kms.katalon.core.testobject.TestObject, int), verifyElementPresent(com.kms.katalon.core.testobject.TestObject, int, com.kms.katalon.core.model.FailureHandling), verifyElementNotPresent(com.kms.katalon.core.testobject.TestObject, int), verifyTextPresent(java.lang.String, boolean)
	at SignUp.run(SignUp:57)
	at com.kms.katalon.core.main.ScriptEngine.run(ScriptEngine.java:194)
	at com.kms.katalon.core.main.ScriptEngine.runScriptAsRawText(ScriptEngine.java:119)
	at com.kms.katalon.core.main.TestCaseExecutor.runScript(TestCaseExecutor.java:328)
	at com.kms.katalon.core.main.TestCaseExecutor.doExecute(TestCaseExecutor.java:319)
	at com.kms.katalon.core.main.TestCaseExecutor.processExecutionPhase(TestCaseExecutor.java:298)
	at com.kms.katalon.core.main.TestCaseExecutor.accessMainPhase(TestCaseExecutor.java:290)
	at com.kms.katalon.core.main.TestCaseExecutor.execute(TestCaseExecutor.java:224)
	at com.kms.katalon.core.main.TestSuiteExecutor.accessTestCaseMainPhase(TestSuiteExecutor.java:129)
	at com.kms.katalon.core.main.TestSuiteExecutor.accessTestSuiteMainPhase(TestSuiteExecutor.java:112)
	at com.kms.katalon.core.main.TestSuiteExecutor.execute(TestSuiteExecutor.java:81)
	at com.kms.katalon.core.main.TestCaseMain.startTestSuite(TestCaseMain.java:149)
	at com.kms.katalon.core.main.TestCaseMain$startTestSuite$0.call(Unknown Source)
	at TempTestSuite1549930151839.run(TempTestSuite1549930151839.groovy:36)


2019-02-11 18:09:20 - [MESSAGE][ERROR] - verifyElementPresent("Object Repository/Page_myOptions/div_First Name and Last Name m_1", false) FAILED.
Reason:
groovy.lang.MissingMethodException: No signature of method: static com.kms.katalon.core.webui.keyword.WebUiBuiltInKeywords.verifyElementPresent() is applicable for argument types: (java.lang.String, java.lang.Boolean) values: [Object Repository/Page_myOptions/div_First Name and Last Name m_1, ...]
Possible solutions: verifyElementPresent(com.kms.katalon.core.testobject.TestObject, int), verifyElementPresent(com.kms.katalon.core.testobject.TestObject, int, com.kms.katalon.core.model.FailureHandling), verifyElementNotPresent(com.kms.katalon.core.testobject.TestObject, int), verifyTextPresent(java.lang.String, boolean)
	at SignUp.run(SignUp:57)
	at com.kms.katalon.core.main.ScriptEngine.run(ScriptEngine.java:194)
	at com.kms.katalon.core.main.ScriptEngine.runScriptAsRawText(ScriptEngine.java:119)
	at com.kms.katalon.core.main.TestCaseExecutor.runScript(TestCaseExecutor.java:328)
	at com.kms.katalon.core.main.TestCaseExecutor.doExecute(TestCaseExecutor.java:319)
	at com.kms.katalon.core.main.TestCaseExecutor.processExecutionPhase(TestCaseExecutor.java:298)
	at com.kms.katalon.core.main.TestCaseExecutor.accessMainPhase(TestCaseExecutor.java:290)
	at com.kms.katalon.core.main.TestCaseExecutor.execute(TestCaseExecutor.java:224)
	at com.kms.katalon.core.main.TestSuiteExecutor.accessTestCaseMainPhase(TestSuiteExecutor.java:129)
	at com.kms.katalon.core.main.TestSuiteExecutor.accessTestSuiteMainPhase(TestSuiteExecutor.java:112)
	at com.kms.katalon.core.main.TestSuiteExecutor.execute(TestSuiteExecutor.java:81)
	at com.kms.katalon.core.main.TestCaseMain.startTestSuite(TestCaseMain.java:149)
	at com.kms.katalon.core.main.TestCaseMain$startTestSuite$0.call(Unknown Source)
	at TempTestSuite1549930151839.run(TempTestSuite1549930151839.groovy:36)]]></system-out>
         <system-err><![CDATA[2019-02-11 18:09:13 - [TEST_CASE][ERROR] - Test Cases/SignUp: Test Cases/SignUp FAILED.
Reason:
groovy.lang.MissingMethodException: No signature of method: static com.kms.katalon.core.webui.keyword.WebUiBuiltInKeywords.verifyElementPresent() is applicable for argument types: (java.lang.String, java.lang.Boolean) values: [Object Repository/Page_myOptions/div_First Name and Last Name m_1, ...]
Possible solutions: verifyElementPresent(com.kms.katalon.core.testobject.TestObject, int), verifyElementPresent(com.kms.katalon.core.testobject.TestObject, int, com.kms.katalon.core.model.FailureHandling), verifyElementNotPresent(com.kms.katalon.core.testobject.TestObject, int), verifyTextPresent(java.lang.String, boolean)
	at SignUp.run(SignUp:57)
	at com.kms.katalon.core.main.ScriptEngine.run(ScriptEngine.java:194)
	at com.kms.katalon.core.main.ScriptEngine.runScriptAsRawText(ScriptEngine.java:119)
	at com.kms.katalon.core.main.TestCaseExecutor.runScript(TestCaseExecutor.java:328)
	at com.kms.katalon.core.main.TestCaseExecutor.doExecute(TestCaseExecutor.java:319)
	at com.kms.katalon.core.main.TestCaseExecutor.processExecutionPhase(TestCaseExecutor.java:298)
	at com.kms.katalon.core.main.TestCaseExecutor.accessMainPhase(TestCaseExecutor.java:290)
	at com.kms.katalon.core.main.TestCaseExecutor.execute(TestCaseExecutor.java:224)
	at com.kms.katalon.core.main.TestSuiteExecutor.accessTestCaseMainPhase(TestSuiteExecutor.java:129)
	at com.kms.katalon.core.main.TestSuiteExecutor.accessTestSuiteMainPhase(TestSuiteExecutor.java:112)
	at com.kms.katalon.core.main.TestSuiteExecutor.execute(TestSuiteExecutor.java:81)
	at com.kms.katalon.core.main.TestCaseMain.startTestSuite(TestCaseMain.java:149)
	at com.kms.katalon.core.main.TestCaseMain$startTestSuite$0.call(Unknown Source)
	at TempTestSuite1549930151839.run(TempTestSuite1549930151839.groovy:36)]]></system-err>
      </testcase>
      <system-out><![CDATA[2019-02-11 18:09:13 - [TEST_SUITE][ERROR] - New Test Suite: Test Cases/SignUp FAILED.
Reason:
groovy.lang.MissingMethodException: No signature of method: static com.kms.katalon.core.webui.keyword.WebUiBuiltInKeywords.verifyElementPresent() is applicable for argument types: (java.lang.String, java.lang.Boolean) values: [Object Repository/Page_myOptions/div_First Name and Last Name m_1, ...]
Possible solutions: verifyElementPresent(com.kms.katalon.core.testobject.TestObject, int), verifyElementPresent(com.kms.katalon.core.testobject.TestObject, int, com.kms.katalon.core.model.FailureHandling), verifyElementNotPresent(com.kms.katalon.core.testobject.TestObject, int), verifyTextPresent(java.lang.String, boolean)
	at SignUp.run(SignUp:57)
	at com.kms.katalon.core.main.ScriptEngine.run(ScriptEngine.java:194)
	at com.kms.katalon.core.main.ScriptEngine.runScriptAsRawText(ScriptEngine.java:119)
	at com.kms.katalon.core.main.TestCaseExecutor.runScript(TestCaseExecutor.java:328)
	at com.kms.katalon.core.main.TestCaseExecutor.doExecute(TestCaseExecutor.java:319)
	at com.kms.katalon.core.main.TestCaseExecutor.processExecutionPhase(TestCaseExecutor.java:298)
	at com.kms.katalon.core.main.TestCaseExecutor.accessMainPhase(TestCaseExecutor.java:290)
	at com.kms.katalon.core.main.TestCaseExecutor.execute(TestCaseExecutor.java:224)
	at com.kms.katalon.core.main.TestSuiteExecutor.accessTestCaseMainPhase(TestSuiteExecutor.java:129)
	at com.kms.katalon.core.main.TestSuiteExecutor.accessTestSuiteMainPhase(TestSuiteExecutor.java:112)
	at com.kms.katalon.core.main.TestSuiteExecutor.execute(TestSuiteExecutor.java:81)
	at com.kms.katalon.core.main.TestCaseMain.startTestSuite(TestCaseMain.java:149)
	at com.kms.katalon.core.main.TestCaseMain$startTestSuite$0.call(Unknown Source)
	at TempTestSuite1549930151839.run(TempTestSuite1549930151839.groovy:36)]]></system-out>
      <system-err><![CDATA[2019-02-11 18:09:13 - [TEST_SUITE][ERROR] - New Test Suite: Test Cases/SignUp FAILED.
Reason:
groovy.lang.MissingMethodException: No signature of method: static com.kms.katalon.core.webui.keyword.WebUiBuiltInKeywords.verifyElementPresent() is applicable for argument types: (java.lang.String, java.lang.Boolean) values: [Object Repository/Page_myOptions/div_First Name and Last Name m_1, ...]
Possible solutions: verifyElementPresent(com.kms.katalon.core.testobject.TestObject, int), verifyElementPresent(com.kms.katalon.core.testobject.TestObject, int, com.kms.katalon.core.model.FailureHandling), verifyElementNotPresent(com.kms.katalon.core.testobject.TestObject, int), verifyTextPresent(java.lang.String, boolean)
	at SignUp.run(SignUp:57)
	at com.kms.katalon.core.main.ScriptEngine.run(ScriptEngine.java:194)
	at com.kms.katalon.core.main.ScriptEngine.runScriptAsRawText(ScriptEngine.java:119)
	at com.kms.katalon.core.main.TestCaseExecutor.runScript(TestCaseExecutor.java:328)
	at com.kms.katalon.core.main.TestCaseExecutor.doExecute(TestCaseExecutor.java:319)
	at com.kms.katalon.core.main.TestCaseExecutor.processExecutionPhase(TestCaseExecutor.java:298)
	at com.kms.katalon.core.main.TestCaseExecutor.accessMainPhase(TestCaseExecutor.java:290)
	at com.kms.katalon.core.main.TestCaseExecutor.execute(TestCaseExecutor.java:224)
	at com.kms.katalon.core.main.TestSuiteExecutor.accessTestCaseMainPhase(TestSuiteExecutor.java:129)
	at com.kms.katalon.core.main.TestSuiteExecutor.accessTestSuiteMainPhase(TestSuiteExecutor.java:112)
	at com.kms.katalon.core.main.TestSuiteExecutor.execute(TestSuiteExecutor.java:81)
	at com.kms.katalon.core.main.TestCaseMain.startTestSuite(TestCaseMain.java:149)
	at com.kms.katalon.core.main.TestCaseMain$startTestSuite$0.call(Unknown Source)
	at TempTestSuite1549930151839.run(TempTestSuite1549930151839.groovy:36)]]></system-err>
   </testsuite>
</testsuites>
